
> turnosapp@0.1.0 start
> react-scripts start

(node:641) [DEP_WEBPACK_DEV_SERVER_ON_AFTER_SETUP_MIDDLEWARE] DeprecationWarning: 'onAfterSetupMiddleware' option is deprecated. Please use the 'setupMiddlewares' option.
(Use `node --trace-deprecation ...` to show where the warning was created)
(node:641) [DEP_WEBPACK_DEV_SERVER_ON_BEFORE_SETUP_MIDDLEWARE] DeprecationWarning: 'onBeforeSetupMiddleware' option is deprecated. Please use the 'setupMiddlewares' option.
Starting the development server...

Compiled successfully!

You can now view turnosapp in the browser.

  Local:            http://localhost:3000
  On Your Network:  http://10.88.0.3:3000

Note that the development build is not optimized.
To create a production build, use npm run build.

webpack compiled successfully
Compiling...
Compiled successfully!
webpack compiled successfully
Failed to compile.

Module not found: Error: Can't resolve '../css/Home.css' in '/home/user/calendario/FrontTurnos/src/components'
ERROR in ./src/components/Home.js 6:0-25
Module not found: Error: Can't resolve '../css/Home.css' in '/home/user/calendario/FrontTurnos/src/components'

webpack compiled with 1 error
Compiling...
Compiled successfully!
webpack compiled successfully
